TN:
SF:src/components/atoms/Button/index.tsx
FN:5,(anonymous_0)
FNF:1
FNH:1
FNDA:13,(anonymous_0)
DA:5,2
DA:6,13
LF:2
LH:2
BRF:0
BRH:0
end_of_record
TN:
SF:src/components/atoms/Card/index.tsx
FN:9,(anonymous_0)
FNF:1
FNH:1
FNDA:71,(anonymous_0)
DA:9,6
DA:14,71
LF:2
LH:2
BRDA:11,0,0,6
BRF:1
BRH:1
end_of_record
TN:
SF:src/components/atoms/FloatButton/index.tsx
FN:10,(anonymous_0)
FNF:1
FNH:1
FNDA:33,(anonymous_0)
DA:10,2
DA:11,33
LF:2
LH:2
BRF:0
BRH:0
end_of_record
TN:
SF:src/components/atoms/Header/index.tsx
FN:9,(anonymous_0)
FNF:1
FNH:1
FNDA:45,(anonymous_0)
DA:7,3
DA:9,3
DA:10,45
LF:3
LH:3
BRF:0
BRH:0
end_of_record
TN:
SF:src/components/atoms/Logo/index.tsx
FN:5,(anonymous_0)
FNF:1
FNH:1
FNDA:46,(anonymous_0)
DA:5,4
DA:6,46
LF:2
LH:2
BRF:0
BRH:0
end_of_record
TN:
SF:src/components/atoms/SectionSubTitle/index.tsx
FN:5,(anonymous_0)
FNF:1
FNH:1
FNDA:1,(anonymous_0)
DA:5,1
DA:6,1
LF:2
LH:2
BRF:0
BRH:0
end_of_record
TN:
SF:src/components/atoms/SectionTitle/index.tsx
FN:5,(anonymous_0)
FNF:1
FNH:1
FNDA:66,(anonymous_0)
DA:5,3
DA:6,66
LF:2
LH:2
BRF:0
BRH:0
end_of_record
TN:
SF:src/components/molecules/ForecastDaySection/index.tsx
FN:18,(anonymous_0)
FN:25,(anonymous_1)
FN:45,(anonymous_2)
FN:46,(anonymous_3)
FNF:4
FNH:4
FNDA:4,(anonymous_0)
FNDA:4,(anonymous_1)
FNDA:3,(anonymous_2)
FNDA:3,(anonymous_3)
DA:18,3
DA:23,4
DA:25,4
DA:26,4
DA:27,1
DA:30,3
DA:33,4
DA:45,3
DA:47,3
LF:9
LH:9
BRDA:26,0,0,1
BRDA:26,0,1,3
BRDA:47,1,0,1
BRDA:47,1,1,2
BRF:4
BRH:4
end_of_record
TN:
SF:src/components/molecules/ForecastHourCard/index.tsx
FN:20,(anonymous_0)
FNF:1
FNH:1
FNDA:5,(anonymous_0)
DA:20,4
DA:24,5
DA:25,5
DA:27,5
DA:29,5
LF:5
LH:5
BRDA:27,0,0,5
BRDA:27,0,1,1
BRF:2
BRH:2
end_of_record
TN:
SF:src/components/molecules/InfoCardSection/index.tsx
FN:16,(anonymous_0)
FN:30,(anonymous_1)
FNF:2
FNH:2
FNDA:65,(anonymous_0)
FNDA:86,(anonymous_1)
DA:16,2
DA:23,65
DA:31,86
LF:3
LH:3
BRDA:20,0,0,1
BRF:1
BRH:1
end_of_record
TN:
SF:src/components/organisms/ForecastLists/index.tsx
FN:15,(anonymous_0)
FN:19,(anonymous_1)
FN:40,(anonymous_2)
FNF:3
FNH:3
FNDA:34,(anonymous_0)
FNDA:56,(anonymous_1)
FNDA:2,(anonymous_2)
DA:15,2
DA:16,34
DA:17,28
DA:20,56
DA:34,6
DA:36,1
DA:41,2
LF:7
LH:7
BRDA:16,0,0,28
BRDA:16,0,1,6
BRDA:34,1,0,5
BRDA:34,1,1,1
BRF:4
BRH:4
end_of_record
TN:
SF:src/components/screens/RequestLocationPermission/index.tsx
FN:18,(anonymous_0)
FN:25,displayStatusToast
FN:53,handleRequestPermission
FN:63,(anonymous_3)
FNF:4
FNH:4
FNDA:12,(anonymous_0)
FNDA:1,displayStatusToast
FNDA:1,handleRequestPermission
FNDA:12,(anonymous_3)
DA:15,1
DA:16,1
DA:18,1
DA:19,12
DA:20,12
DA:22,12
DA:23,12
DA:26,1
DA:30,0
DA:37,0
DA:40,1
DA:44,0
DA:54,1
DA:56,1
DA:58,1
DA:60,1
DA:63,12
DA:64,12
DA:65,3
DA:69,12
LF:20
LH:17
BRDA:26,0,0,0
BRDA:26,0,1,1
BRDA:27,1,0,1
BRDA:27,1,1,0
BRDA:40,2,0,0
BRDA:40,2,1,1
BRDA:41,3,0,1
BRDA:41,3,1,0
BRDA:64,4,0,3
BRDA:64,4,1,9
BRF:10
BRH:6
end_of_record
TN:
SF:src/components/screens/WeatherDetails/index.tsx
FN:28,(anonymous_0)
FN:42,(anonymous_1)
FN:56,(anonymous_2)
FN:109,handleRefreshData
FN:110,(anonymous_4)
FN:122,(anonymous_5)
FNF:6
FNH:6
FNDA:35,(anonymous_0)
FNDA:6,(anonymous_1)
FNDA:7,(anonymous_2)
FNDA:3,handleRefreshData
FNDA:3,(anonymous_4)
FNDA:4,(anonymous_5)
DA:28,1
DA:29,35
DA:30,35
DA:32,35
DA:33,35
DA:34,35
DA:36,35
DA:37,35
DA:40,35
DA:42,35
DA:43,6
DA:45,6
DA:47,4
DA:48,4
DA:50,4
DA:51,4
DA:53,4
DA:56,35
DA:57,7
DA:59,7
DA:61,7
DA:62,7
DA:63,6
DA:65,6
DA:68,6
DA:70,5
DA:71,5
DA:73,5
DA:74,4
DA:77,5
DA:78,4
DA:81,5
DA:82,4
DA:85,5
DA:86,3
DA:89,5
DA:91,5
DA:93,2
DA:95,2
DA:96,2
DA:105,7
DA:110,3
DA:111,3
DA:112,2
DA:122,35
DA:123,4
DA:126,35
LF:47
LH:47
BRDA:40,0,0,35
BRDA:40,0,1,17
BRDA:45,1,0,2
BRDA:45,1,1,4
BRDA:73,2,0,4
BRDA:73,2,1,1
BRDA:77,3,0,4
BRDA:77,3,1,1
BRDA:81,4,0,4
BRDA:81,4,1,1
BRDA:81,5,0,5
BRDA:81,5,1,2
BRDA:82,6,0,4
BRDA:82,6,1,1
BRDA:85,7,0,3
BRDA:85,7,1,2
BRDA:91,8,0,3
BRDA:91,8,1,2
BRDA:95,9,0,2
BRDA:95,9,1,0
BRDA:111,10,0,2
BRDA:111,10,1,1
BRDA:154,11,0,35
BRDA:154,11,1,14
BRDA:159,12,0,35
BRDA:159,12,1,14
BRF:26
BRH:25
end_of_record
TN:
SF:src/components/templates/AppProviders.tsx
FN:12,(anonymous_0)
FNF:1
FNH:1
FNDA:25,(anonymous_0)
DA:7,13
DA:12,13
DA:13,25
LF:3
LH:3
BRF:0
BRH:0
end_of_record
TN:
SF:src/components/templates/ScreenContainer.tsx
FN:7,(anonymous_0)
FNF:1
FNH:1
FNDA:44,(anonymous_0)
DA:7,2
DA:8,44
LF:2
LH:2
BRF:0
BRH:0
end_of_record
