TN:
SF:src/components/atoms/Button/index.tsx
FN:5,(anonymous_0)
FNF:1
FNH:1
FNDA:10,(anonymous_0)
DA:5,2
DA:6,10
LF:2
LH:2
BRF:0
BRH:0
end_of_record
TN:
SF:src/components/atoms/Card/index.tsx
FN:9,(anonymous_0)
FNF:1
FNH:0
FNDA:0,(anonymous_0)
DA:9,0
DA:14,0
LF:2
LH:0
BRDA:11,0,0,0
BRF:1
BRH:0
end_of_record
TN:
SF:src/components/atoms/Header/index.tsx
FN:9,(anonymous_0)
FNF:1
FNH:1
FNDA:10,(anonymous_0)
DA:7,2
DA:9,2
DA:10,10
LF:3
LH:3
BRF:0
BRH:0
end_of_record
TN:
SF:src/components/atoms/Logo/index.tsx
FN:5,(anonymous_0)
FNF:1
FNH:1
FNDA:11,(anonymous_0)
DA:5,3
DA:6,11
LF:2
LH:2
BRF:0
BRH:0
end_of_record
TN:
SF:src/components/atoms/SectionSubTittle/index.tsx
FN:5,(anonymous_0)
FNF:1
FNH:0
FNDA:0,(anonymous_0)
DA:5,0
DA:6,0
LF:2
LH:0
BRF:0
BRH:0
end_of_record
TN:
SF:src/components/atoms/SectionTittle/index.tsx
FN:5,(anonymous_0)
FNF:1
FNH:0
FNDA:0,(anonymous_0)
DA:5,0
DA:6,0
LF:2
LH:0
BRF:0
BRH:0
end_of_record
TN:
SF:src/components/molecules/InfoCardSection/index.tsx
FN:16,(anonymous_0)
FN:28,(anonymous_1)
FNF:2
FNH:0
FNDA:0,(anonymous_0)
FNDA:0,(anonymous_1)
DA:16,0
DA:22,0
DA:29,0
LF:3
LH:0
BRDA:20,0,0,0
BRF:1
BRH:0
end_of_record
TN:
SF:src/components/screens/RequestLocationPermission/index.tsx
FN:18,(anonymous_0)
FN:25,displayStatusToast
FN:53,handleRequestPermission
FN:63,(anonymous_3)
FNF:4
FNH:4
FNDA:9,(anonymous_0)
FNDA:1,displayStatusToast
FNDA:1,handleRequestPermission
FNDA:7,(anonymous_3)
DA:15,1
DA:16,1
DA:18,1
DA:19,9
DA:20,9
DA:22,9
DA:23,9
DA:26,1
DA:30,0
DA:37,0
DA:40,1
DA:44,0
DA:54,1
DA:56,1
DA:58,1
DA:60,1
DA:63,9
DA:64,7
DA:65,0
DA:69,9
LF:20
LH:16
BRDA:26,0,0,0
BRDA:26,0,1,1
BRDA:27,1,0,1
BRDA:27,1,1,0
BRDA:40,2,0,0
BRDA:40,2,1,1
BRDA:41,3,0,1
BRDA:41,3,1,0
BRDA:64,4,0,0
BRDA:64,4,1,7
BRF:10
BRH:5
end_of_record
TN:
SF:src/components/screens/WeatherDetails/index.tsx
FN:10,(anonymous_0)
FN:16,(anonymous_1)
FN:17,loadLocation
FNF:3
FNH:0
FNDA:0,(anonymous_0)
FNDA:0,(anonymous_1)
FNDA:0,loadLocation
DA:10,0
DA:11,0
DA:13,0
DA:14,0
DA:16,0
DA:18,0
DA:20,0
DA:21,0
DA:22,0
DA:25,0
DA:27,0
DA:32,0
DA:33,0
DA:42,0
DA:46,0
DA:49,0
LF:16
LH:0
BRDA:32,0,0,0
BRDA:32,0,1,0
BRF:2
BRH:0
end_of_record
TN:
SF:src/components/templates/AppProviders.tsx
FN:12,(anonymous_0)
FNF:1
FNH:1
FNDA:7,(anonymous_0)
DA:7,4
DA:12,4
DA:13,7
LF:3
LH:3
BRF:0
BRH:0
end_of_record
TN:
SF:src/components/templates/ScreenContainer.tsx
FN:7,(anonymous_0)
FNF:1
FNH:1
FNDA:9,(anonymous_0)
DA:7,1
DA:8,9
LF:2
LH:2
BRF:0
BRH:0
end_of_record
TN:
SF:src/enums/RouterNames.tsx
FNF:0
FNH:0
LF:0
LH:0
BRF:0
BRH:0
end_of_record
TN:
SF:src/routes/index.tsx
FN:15,(anonymous_0)
FNF:1
FNH:0
FNDA:0,(anonymous_0)
DA:13,0
DA:15,0
DA:16,0
LF:3
LH:0
BRF:0
BRH:0
end_of_record
TN:
SF:src/utils/test/componentWrapper.tsx
FN:3,(anonymous_0)
FNF:1
FNH:1
FNDA:3,(anonymous_0)
DA:3,3
DA:4,3
LF:2
LH:2
BRF:0
BRH:0
end_of_record
TN:
SF:src/utils/test/screenWrapper.tsx
FN:5,(anonymous_0)
FNF:1
FNH:1
FNDA:4,(anonymous_0)
DA:5,1
DA:6,4
LF:2
LH:2
BRF:0
BRH:0
end_of_record
